Started GET "/" for ::1 at 2023-03-13 14:45:28 +0300
Processing by Rails::WelcomeController#index as HTML
  Rendering /home/kevin/.rbenv/versions/2.7.7/lib/ruby/gems/2.7.0/gems/railties-7.0.4.2/lib/rails/templates/rails/welcome/index.html.erb
  Rendered /home/kevin/.rbenv/versions/2.7.7/lib/ruby/gems/2.7.0/gems/railties-7.0.4.2/lib/rails/templates/rails/welcome/index.html.erb (Duration: 2.0ms | Allocations: 766)
Completed 200 OK in 21ms (Views: 8.2ms | ActiveRecord: 0.0ms | Allocations: 6597)


Started GET "/cheese" for ::1 at 2023-03-13 14:45:43 +0300
  
ActionController::RoutingError (No route matches [GET] "/cheese"):
  
Started GET "/cheese" for ::1 at 2023-03-13 14:46:53 +0300
  
ActionController::RoutingError (uninitialized constant CheeseController):
  
Started GET "/" for ::1 at 2023-03-13 14:52:48 +0300
Processing by Rails::WelcomeController#index as HTML
  Rendering /home/kevin/.rbenv/versions/2.7.7/lib/ruby/gems/2.7.0/gems/railties-7.0.4.2/lib/rails/templates/rails/welcome/index.html.erb
  Rendered /home/kevin/.rbenv/versions/2.7.7/lib/ruby/gems/2.7.0/gems/railties-7.0.4.2/lib/rails/templates/rails/welcome/index.html.erb (Duration: 1.5ms | Allocations: 660)
Completed 200 OK in 10ms (Views: 4.0ms | ActiveRecord: 0.0ms | Allocations: 5322)


Started GET "/cheese" for ::1 at 2023-03-13 14:52:56 +0300
Processing by CheeseController#index as HTML
  Rendering layout layouts/application.html.erb
  Rendering cheese/index.html.erb within layouts/application
  Rendered cheese/index.html.erb within layouts/application (Duration: 0.8ms | Allocations: 114)
  Rendered layout layouts/application.html.erb (Duration: 238.2ms | Allocations: 32457)
Completed 200 OK in 243ms (Views: 241.2ms | ActiveRecord: 0.0ms | Allocations: 33341)


Started GET "/cheese" for ::1 at 2023-03-13 14:54:20 +0300
Processing by CheeseController#index as HTML
  Rendering layout layouts/application.html.erb
  Rendering cheese/index.html.erb within layouts/application
  Rendered cheese/index.html.erb within layouts/application (Duration: 0.1ms | Allocations: 7)
  Rendered layout layouts/application.html.erb (Duration: 3.0ms | Allocations: 1172)
Completed 200 OK in 4ms (Views: 4.1ms | Allocations: 1744)


Started GET "/" for ::1 at 2023-03-13 14:54:22 +0300
Processing by CheeseController#index as HTML
  Rendering layout layouts/application.html.erb
  Rendering cheese/index.html.erb within layouts/application
  Rendered cheese/index.html.erb within layouts/application (Duration: 0.1ms | Allocations: 7)
  Rendered layout layouts/application.html.erb (Duration: 5.0ms | Allocations: 1155)
Completed 200 OK in 7ms (Views: 6.3ms | Allocations: 1374)


Started GET "/" for ::1 at 2023-03-13 14:54:25 +0300
Processing by CheeseController#index as HTML
  Rendering layout layouts/application.html.erb
  Rendering cheese/index.html.erb within layouts/application
  Rendered cheese/index.html.erb within layouts/application (Duration: 0.1ms | Allocations: 7)
  Rendered layout layouts/application.html.erb (Duration: 5.9ms | Allocations: 1139)
Completed 200 OK in 8ms (Views: 7.0ms | Allocations: 1358)


Started GET "/" for ::1 at 2023-03-13 14:55:56 +0300
Processing by CheeseController#index as HTML
Completed 200 OK in 1ms (Views: 0.2ms | Allocations: 110)


Started GET "/" for ::1 at 2023-03-13 14:57:00 +0300
Processing by CheeseController#index as HTML
  Rendering layout layouts/application.html.erb
  Rendering cheese/index.html.erb within layouts/application
  Rendered cheese/index.html.erb within layouts/application (Duration: 0.1ms | Allocations: 7)
  Rendered layout layouts/application.html.erb (Duration: 4.9ms | Allocations: 1163)
Completed 200 OK in 7ms (Views: 6.7ms | Allocations: 1735)


